INFO:sim:172 - Generating IP...
Applying current project options...
Finished applying current project options.
Resolving generics for 'fifo18x16'...
WARNING:sim - A core named 'fifo18x16' already exists in the project. Output
   products for this core may be overwritten.
Applying external generics to 'fifo18x16'...
Delivering associated files for 'fifo18x16'...
Delivering EJava files for 'fifo18x16'...
Generating implementation netlist for 'fifo18x16'...
INFO:sim - Pre-processing HDL files for 'fifo18x16'...
WARNING:sim - BlackBox generator run option '-ifmt' found multiple times. Only
   the first occurence is considered.
Running synthesis for 'fifo18x16'
Running ngcbuild...
Writing VHO instantiation template for 'fifo18x16'...
Writing VHDL behavioral simulation model for 'fifo18x16'...
WARNING:sim - Overwriting existing file
   C:/Users/Kevin/Desktop/HMB-FW/EIC-Beamtest-FW/SCROD_A5_RJ45/SCROD_Rev1/remote
   Files/SCROD_ETHERNET_V3/ExampleProject/ise/coregen/tmp/_cg/fifo18x16/doc/fifo
   _generator_v9_3_vinfo.html with file from view xilinx_documentation
Delivered 3 files into directory
C:/Users/Kevin/Desktop/HMB-FW/EIC-Beamtest-FW/SCROD_A5_RJ45/SCROD_Rev1/remoteFil
es/SCROD_ETHERNET_V3/ExampleProject/ise/coregen/tmp/_cg/fifo18x16
Delivered 1 file into directory
C:/Users/Kevin/Desktop/HMB-FW/EIC-Beamtest-FW/SCROD_A5_RJ45/SCROD_Rev1/remoteFil
es/SCROD_ETHERNET_V3/ExampleProject/ise/coregen/tmp/_cg/fifo18x16
Generating ASY schematic symbol...
INFO:sim:949 - Finished generation of ASY schematic symbol.
Generating SYM schematic symbol for 'fifo18x16'...
Generating metadata file...
Regenerating ISE project file for 'fifo18x16'...
Generating ISE project...
XCO file found: fifo18x16.xco
XMDF file found: fifo18x16_xmdf.tcl
Adding
C:/Users/Kevin/Desktop/HMB-FW/EIC-Beamtest-FW/SCROD_A5_RJ45/SCROD_Rev1/remoteFil
es/SCROD_ETHERNET_V3/ExampleProject/ise/coregen/tmp/_cg/fifo18x16.asy -view all
-origin_type imported
Adding
C:/Users/Kevin/Desktop/HMB-FW/EIC-Beamtest-FW/SCROD_A5_RJ45/SCROD_Rev1/remoteFil
es/SCROD_ETHERNET_V3/ExampleProject/ise/coregen/tmp/_cg/fifo18x16.ngc -view all
-origin_type created
Checking file
"C:/Users/Kevin/Desktop/HMB-FW/EIC-Beamtest-FW/SCROD_A5_RJ45/SCROD_Rev1/remoteFi
les/SCROD_ETHERNET_V3/ExampleProject/ise/coregen/tmp/_cg/fifo18x16.ngc" for
project device match ...
File
"C:/Users/Kevin/Desktop/HMB-FW/EIC-Beamtest-FW/SCROD_A5_RJ45/SCROD_Rev1/remoteFi
les/SCROD_ETHERNET_V3/ExampleProject/ise/coregen/tmp/_cg/fifo18x16.ngc" device
information matches project device.
Adding
C:/Users/Kevin/Desktop/HMB-FW/EIC-Beamtest-FW/SCROD_A5_RJ45/SCROD_Rev1/remoteFil
es/SCROD_ETHERNET_V3/ExampleProject/ise/coregen/tmp/_cg/fifo18x16.sym -view all
-origin_type imported
Adding
C:/Users/Kevin/Desktop/HMB-FW/EIC-Beamtest-FW/SCROD_A5_RJ45/SCROD_Rev1/remoteFil
es/SCROD_ETHERNET_V3/ExampleProject/ise/coregen/tmp/_cg/fifo18x16.vhd -view all
-origin_type created
INFO:HDLCompiler:1061 - Parsing VHDL file
   "C:/Users/Kevin/Desktop/HMB-FW/EIC-Beamtest-FW/SCROD_A5_RJ45/SCROD_Rev1/remot
   eFiles/SCROD_ETHERNET_V3/ExampleProject/ise/coregen/tmp/_cg/fifo18x16.vhd"
   into library work
INFO:ProjectMgmt - Parsing design hierarchy completed successfully.
Adding
C:/Users/Kevin/Desktop/HMB-FW/EIC-Beamtest-FW/SCROD_A5_RJ45/SCROD_Rev1/remoteFil
es/SCROD_ETHERNET_V3/ExampleProject/ise/coregen/tmp/_cg/fifo18x16.vho -view all
-origin_type imported
INFO:TclTasksC:2116 - The automatic calculation of top has been turned-off.
   Please set the new top explicitly by running the "project set top" command.
   To re-calculate the new top automatically, set the "Auto Implementation Top"
   property to true.
Top level has been set to "/fifo18x16"
Generating README file...
Generating FLIST file...
INFO:sim:948 - Finished FLIST file generation.
Moving files to output directory...
Finished moving files to output directory
Wrote CGP file for project 'fifo18x16'.
